Calling target program-options parser
[03:20:23.332] [bmv2] [D] [thread 4282] Set default default entry for table 'tbl_act': act_1 - 
[03:20:23.334] [bmv2] [D] [thread 4282] Set default default entry for table 'tbl_act_0': act - 
[03:20:23.335] [bmv2] [D] [thread 4282] Set default default entry for table 'tbl_act_1': act_0 - 
[03:20:23.335] [bmv2] [D] [thread 4282] Set default default entry for table 'tbl_act_2': act_2 - 
[03:20:23.335] [bmv2] [D] [thread 4282] Set default default entry for table 'MyIngress.direct_forward': NoAction - 
[03:20:23.342] [bmv2] [D] [thread 4282] Entry 0 added to table 'MyIngress.direct_forward'
[03:20:23.342] [bmv2] [D] [thread 4282] Dumping entry 0
Match key:
* standard_metadata.ingress_port: EXACT     0001
Action entry: MyIngress.forward - 2,

[03:20:23.343] [bmv2] [D] [thread 4282] Entry 1 added to table 'MyIngress.direct_forward'
[03:20:23.344] [bmv2] [D] [thread 4282] Dumping entry 1
Match key:
* standard_metadata.ingress_port: EXACT     0002
Action entry: MyIngress.forward - 1,

[03:20:23.344] [bmv2] [D] [thread 4282] Set default default entry for table 'tbl_verify_traffic_source': MyIngress.verify_traffic_source - 
[03:20:23.344] [bmv2] [D] [thread 4282] Set default default entry for table 'tbl_drop': MyIngress.drop - 
[03:20:23.344] [bmv2] [D] [thread 4282] Set default default entry for table 'tbl_act_3': act_5 - 
[03:20:23.344] [bmv2] [D] [thread 4282] Set default default entry for table 'tbl_act_4': act_3 - 
[03:20:23.344] [bmv2] [D] [thread 4282] Set default default entry for table 'tbl_act_5': act_4 - 
[03:20:23.344] [bmv2] [D] [thread 4282] Set default default entry for table 'tbl_act_6': act_8 - 
[03:20:23.344] [bmv2] [D] [thread 4282] Set default default entry for table 'tbl_act_7': act_6 - 
[03:20:23.344] [bmv2] [D] [thread 4282] Set default default entry for table 'tbl_act_8': act_7 - 
[03:20:23.344] [bmv2] [D] [thread 4282] Set default default entry for table 'tbl_act_9': act_11 - 
[03:20:23.344] [bmv2] [D] [thread 4282] Set default default entry for table 'tbl_act_10': act_9 - 
[03:20:23.344] [bmv2] [D] [thread 4282] Set default default entry for table 'tbl_act_11': act_10 - 
[03:20:23.344] [bmv2] [D] [thread 4282] Set default default entry for table 'tbl_act_12': act_14 - 
[03:20:23.344] [bmv2] [D] [thread 4282] Set default default entry for table 'tbl_act_13': act_12 - 
[03:20:23.344] [bmv2] [D] [thread 4282] Set default default entry for table 'tbl_act_14': act_13 - 
[03:20:23.344] [bmv2] [D] [thread 4282] Set default default entry for table 'tbl_act_15': act_15 - 
[03:20:23.344] [bmv2] [D] [thread 4282] Set default default entry for table 'tbl_increment_black_list_count': MyIngress.increment_black_list_count - 
[03:20:23.344] [bmv2] [D] [thread 4282] Set default default entry for table 'tbl_drop_0': MyIngress.drop - 
[03:20:23.344] [bmv2] [D] [thread 4282] Set default default entry for table 'tbl_drop_1': MyIngress.drop - 
[03:20:23.344] [bmv2] [D] [thread 4282] Set default default entry for table 'tbl_NoAction': NoAction - 
[03:20:23.344] [bmv2] [D] [thread 4282] Set default default entry for table 'tbl_mark_attack_traffic': MyIngress.mark_attack_traffic - 
[03:20:23.344] [bmv2] [D] [thread 4282] Set default default entry for table 'tbl_act_16': act_16 - 
[03:20:23.345] [bmv2] [D] [thread 4282] Set default default entry for table 'tbl_drop_2': MyIngress.drop - 
[03:20:23.346] [bmv2] [D] [thread 4282] Set default default entry for table 'MyEgress.count_requests': NoAction - 
[03:20:23.346] [bmv2] [D] [thread 4282] Entry 0 added to table 'MyEgress.count_requests'
[03:20:23.346] [bmv2] [D] [thread 4282] Dumping entry 0
Match key:
* hdr.ipv4.fragOffset : EXACT     0000
* hdr.udp.dstPort     : EXACT     0035
Action entry: MyEgress.sketch_count_access - 

[03:20:23.346] [bmv2] [D] [thread 4282] Set default default entry for table 'MyEgress.get_border_router_ip': NoAction - 
[03:20:23.346] [bmv2] [D] [thread 4282] Entry 0 added to table 'MyEgress.get_border_router_ip'
[03:20:23.346] [bmv2] [D] [thread 4282] Dumping entry 0
Match key:
* hdr.ctrl.routerId   : EXACT     01
Action entry: MyEgress.router_id_to_router_ip - 1010101,

[03:20:23.346] [bmv2] [D] [thread 4282] Entry 1 added to table 'MyEgress.get_border_router_ip'
[03:20:23.347] [bmv2] [D] [thread 4282] Dumping entry 1
Match key:
* hdr.ctrl.routerId   : EXACT     02
Action entry: MyEgress.router_id_to_router_ip - 2020202,

[03:20:23.347] [bmv2] [D] [thread 4282] Set default default entry for table 'tbl_act_17': act_17 - 
[03:20:23.347] [bmv2] [D] [thread 4282] Set default default entry for table 'tbl_set_invalid_ctrl_hdr': MyEgress.set_invalid_ctrl_hdr - 
[03:20:23.347] [bmv2] [D] [thread 4282] Set default default entry for table 'tbl_act_18': act_18 - 
[03:20:23.347] [bmv2] [D] [thread 4282] Set default default entry for table 'MyEgress.count_responses': NoAction - 
[03:20:23.347] [bmv2] [D] [thread 4282] Entry 0 added to table 'MyEgress.count_responses'
[03:20:23.347] [bmv2] [D] [thread 4282] Dumping entry 0
Match key:
* hdr.ipv4.fragOffset : EXACT     0000
* hdr.udp.srcPort     : EXACT     0035
Action entry: MyEgress.sketch_count_border - 

[03:20:23.347] [bmv2] [D] [thread 4282] Set default default entry for table 'tbl_mark_suspicious_traffic': MyEgress.mark_suspicious_traffic - 
[03:20:23.347] [bmv2] [D] [thread 4282] Set default default entry for table 'tbl_encapsulate_ctrl_hdr': MyEgress.encapsulate_ctrl_hdr - 
Adding interface s1-eth1 as port 1
[03:20:23.354] [bmv2] [D] [thread 4282] Adding interface s1-eth1 as port 1
Adding interface s1-eth2 as port 2
[03:20:23.380] [bmv2] [D] [thread 4282] Adding interface s1-eth2 as port 2
I0106 03:20:23.451959869    4282 server_builder.cc:247]      Synchronous server. Num CQs: 1, Min pollers: 1, Max Pollers: 2147483647, CQ timeout (msec): 1000
Server listening on 0.0.0.0:50051
[03:20:23.463] [bmv2] [I] [thread 4282] Starting Thrift server on port 9090
[03:20:23.466] [bmv2] [I] [thread 4282] Thrift server was started
New connection
P4Runtime SetForwardingPipelineConfig
[03:20:25.922] [bmv2] [W] [thread 4332] [P4Runtime] p4::tmp::P4DeviceConfig is deprecated
[03:20:26.038] [bmv2] [D] [thread 4332] Set default default entry for table 'tbl_act': act_1 - 
[03:20:26.039] [bmv2] [D] [thread 4332] Set default default entry for table 'tbl_act_0': act - 
[03:20:26.039] [bmv2] [D] [thread 4332] Set default default entry for table 'tbl_act_1': act_0 - 
[03:20:26.039] [bmv2] [D] [thread 4332] Set default default entry for table 'tbl_act_2': act_2 - 
[03:20:26.039] [bmv2] [D] [thread 4332] Set default default entry for table 'MyIngress.direct_forward': NoAction - 
[03:20:26.039] [bmv2] [D] [thread 4332] Entry 0 added to table 'MyIngress.direct_forward'
[03:20:26.039] [bmv2] [D] [thread 4332] Dumping entry 0
Match key:
* standard_metadata.ingress_port: EXACT     0001
Action entry: MyIngress.forward - 2,

[03:20:26.039] [bmv2] [D] [thread 4332] Entry 1 added to table 'MyIngress.direct_forward'
[03:20:26.039] [bmv2] [D] [thread 4332] Dumping entry 1
Match key:
* standard_metadata.ingress_port: EXACT     0002
Action entry: MyIngress.forward - 1,

[03:20:26.039] [bmv2] [D] [thread 4332] Set default default entry for table 'tbl_verify_traffic_source': MyIngress.verify_traffic_source - 
[03:20:26.039] [bmv2] [D] [thread 4332] Set default default entry for table 'tbl_drop': MyIngress.drop - 
[03:20:26.039] [bmv2] [D] [thread 4332] Set default default entry for table 'tbl_act_3': act_5 - 
[03:20:26.039] [bmv2] [D] [thread 4332] Set default default entry for table 'tbl_act_4': act_3 - 
[03:20:26.039] [bmv2] [D] [thread 4332] Set default default entry for table 'tbl_act_5': act_4 - 
[03:20:26.039] [bmv2] [D] [thread 4332] Set default default entry for table 'tbl_act_6': act_8 - 
[03:20:26.039] [bmv2] [D] [thread 4332] Set default default entry for table 'tbl_act_7': act_6 - 
[03:20:26.039] [bmv2] [D] [thread 4332] Set default default entry for table 'tbl_act_8': act_7 - 
[03:20:26.039] [bmv2] [D] [thread 4332] Set default default entry for table 'tbl_act_9': act_11 - 
[03:20:26.039] [bmv2] [D] [thread 4332] Set default default entry for table 'tbl_act_10': act_9 - 
[03:20:26.039] [bmv2] [D] [thread 4332] Set default default entry for table 'tbl_act_11': act_10 - 
[03:20:26.039] [bmv2] [D] [thread 4332] Set default default entry for table 'tbl_act_12': act_14 - 
[03:20:26.039] [bmv2] [D] [thread 4332] Set default default entry for table 'tbl_act_13': act_12 - 
[03:20:26.039] [bmv2] [D] [thread 4332] Set default default entry for table 'tbl_act_14': act_13 - 
[03:20:26.039] [bmv2] [D] [thread 4332] Set default default entry for table 'tbl_act_15': act_15 - 
[03:20:26.039] [bmv2] [D] [thread 4332] Set default default entry for table 'tbl_increment_black_list_count': MyIngress.increment_black_list_count - 
[03:20:26.039] [bmv2] [D] [thread 4332] Set default default entry for table 'tbl_drop_0': MyIngress.drop - 
[03:20:26.039] [bmv2] [D] [thread 4332] Set default default entry for table 'tbl_drop_1': MyIngress.drop - 
[03:20:26.039] [bmv2] [D] [thread 4332] Set default default entry for table 'tbl_NoAction': NoAction - 
[03:20:26.039] [bmv2] [D] [thread 4332] Set default default entry for table 'tbl_mark_attack_traffic': MyIngress.mark_attack_traffic - 
[03:20:26.039] [bmv2] [D] [thread 4332] Set default default entry for table 'tbl_act_16': act_16 - 
[03:20:26.039] [bmv2] [D] [thread 4332] Set default default entry for table 'tbl_drop_2': MyIngress.drop - 
[03:20:26.040] [bmv2] [D] [thread 4332] Set default default entry for table 'MyEgress.count_requests': NoAction - 
[03:20:26.040] [bmv2] [D] [thread 4332] Entry 0 added to table 'MyEgress.count_requests'
[03:20:26.040] [bmv2] [D] [thread 4332] Dumping entry 0
Match key:
* hdr.ipv4.fragOffset : EXACT     0000
* hdr.udp.dstPort     : EXACT     0035
Action entry: MyEgress.sketch_count_access - 

[03:20:26.040] [bmv2] [D] [thread 4332] Set default default entry for table 'MyEgress.get_border_router_ip': NoAction - 
[03:20:26.040] [bmv2] [D] [thread 4332] Entry 0 added to table 'MyEgress.get_border_router_ip'
[03:20:26.040] [bmv2] [D] [thread 4332] Dumping entry 0
Match key:
* hdr.ctrl.routerId   : EXACT     01
Action entry: MyEgress.router_id_to_router_ip - 1010101,

[03:20:26.040] [bmv2] [D] [thread 4332] Entry 1 added to table 'MyEgress.get_border_router_ip'
[03:20:26.040] [bmv2] [D] [thread 4332] Dumping entry 1
Match key:
* hdr.ctrl.routerId   : EXACT     02
Action entry: MyEgress.router_id_to_router_ip - 2020202,

[03:20:26.040] [bmv2] [D] [thread 4332] Set default default entry for table 'tbl_act_17': act_17 - 
[03:20:26.040] [bmv2] [D] [thread 4332] Set default default entry for table 'tbl_set_invalid_ctrl_hdr': MyEgress.set_invalid_ctrl_hdr - 
[03:20:26.040] [bmv2] [D] [thread 4332] Set default default entry for table 'tbl_act_18': act_18 - 
[03:20:26.040] [bmv2] [D] [thread 4332] Set default default entry for table 'MyEgress.count_responses': NoAction - 
[03:20:26.040] [bmv2] [D] [thread 4332] Entry 0 added to table 'MyEgress.count_responses'
[03:20:26.040] [bmv2] [D] [thread 4332] Dumping entry 0
Match key:
* hdr.ipv4.fragOffset : EXACT     0000
* hdr.udp.srcPort     : EXACT     0035
Action entry: MyEgress.sketch_count_border - 

[03:20:26.040] [bmv2] [D] [thread 4332] Set default default entry for table 'tbl_mark_suspicious_traffic': MyEgress.mark_suspicious_traffic - 
[03:20:26.040] [bmv2] [D] [thread 4332] Set default default entry for table 'tbl_encapsulate_ctrl_hdr': MyEgress.encapsulate_ctrl_hdr - 
